<?xml version="1.0" encoding="UTF-8"?>
<!-- Generated by org.testng.reporters.JUnitReportReporter -->
<testsuite skipped="0" hostname="Jayant-Sharma" name="Mobile" tests="1" failures="0" timestamp="23 Jul 2019 10:58:13 GMT" time="49.556" errors="0">
  <testcase name="testCal" time="49.556" classname="Mobile"/>
</testsuite> <!-- Mobile -->
